<?xml version="1.0" encoding="UTF-8"?>
<testsuite xmlns:xsi="http://www.w3.org/2001/XMLSchema-instance" xsi:noNamespaceSchemaLocation="https://maven.apache.org/surefire/maven-surefire-plugin/xsd/surefire-test-report-3.0.xsd" version="3.0" name="org.nsu.gogledoc.AppTest" time="0.107" tests="2" errors="0" skipped="0" failures="0">
  <properties>
    <property name="java.specification.version" value="17"/>
    <property name="sun.jnu.encoding" value="UTF-8"/>
    <property name="java.class.path" value="/home/bigcubecat/Projects/NSU/sem4/prog/22209-Bitochkin/java/gogledoc/server/target/test-classes:/home/bigcubecat/Projects/NSU/sem4/prog/22209-Bitochkin/java/gogledoc/server/target/classes:/home/bigcubecat/.m2/repository/io/javalin/javalin-bundle/6.0.0/javalin-bundle-6.0.0.jar:/home/bigcubecat/.m2/repository/io/javalin/javalin/6.0.0/javalin-6.0.0.jar:/home/bigcubecat/.m2/repository/org/slf4j/slf4j-api/2.0.10/slf4j-api-2.0.10.jar:/home/bigcubecat/.m2/repository/org/eclipse/jetty/jetty-server/11.0.19/jetty-server-11.0.19.jar:/home/bigcubecat/.m2/repository/org/eclipse/jetty/jetty-http/11.0.19/jetty-http-11.0.19.jar:/home/bigcubecat/.m2/repository/org/eclipse/jetty/websocket/websocket-jetty-server/11.0.19/websocket-jetty-server-11.0.19.jar:/home/bigcubecat/.m2/repository/org/eclipse/jetty/websocket/websocket-jetty-api/11.0.19/websocket-jetty-api-11.0.19.jar:/home/bigcubecat/.m2/repository/org/eclipse/jetty/websocket/websocket-jetty-common/11.0.19/websocket-jetty-common-11.0.19.jar:/home/bigcubecat/.m2/repository/org/eclipse/jetty/websocket/websocket-core-common/11.0.19/websocket-core-common-11.0.19.jar:/home/bigcubecat/.m2/repository/org/eclipse/jetty/websocket/websocket-servlet/11.0.19/websocket-servlet-11.0.19.jar:/home/bigcubecat/.m2/repository/org/eclipse/jetty/websocket/websocket-core-server/11.0.19/websocket-core-server-11.0.19.jar:/home/bigcubecat/.m2/repository/org/eclipse/jetty/jetty-servlet/11.0.19/jetty-servlet-11.0.19.jar:/home/bigcubecat/.m2/repository/org/eclipse/jetty/jetty-security/11.0.19/jetty-security-11.0.19.jar:/home/bigcubecat/.m2/repository/org/eclipse/jetty/jetty-webapp/11.0.19/jetty-webapp-11.0.19.jar:/home/bigcubecat/.m2/repository/org/eclipse/jetty/jetty-xml/11.0.19/jetty-xml-11.0.19.jar:/home/bigcubecat/.m2/repository/io/javalin/javalin-context-mock/6.0.0/javalin-context-mock-6.0.0.jar:/home/bigcubecat/.m2/repository/org/eclipse/jetty/toolchain/jetty-jakarta-servlet-api/5.0.2/jetty-jakarta-servlet-api-5.0.2.jar:/home/bigcubecat/.m2/repository/io/javalin/javalin-testtools/6.0.0/javalin-testtools-6.0.0.jar:/home/bigcubecat/.m2/repository/com/squareup/okhttp3/okhttp/4.12.0/okhttp-4.12.0.jar:/home/bigcubecat/.m2/repository/com/squareup/okio/okio/3.6.0/okio-3.6.0.jar:/home/bigcubecat/.m2/repository/com/squareup/okio/okio-jvm/3.6.0/okio-jvm-3.6.0.jar:/home/bigcubecat/.m2/repository/io/javalin/javalin-micrometer/6.0.0/javalin-micrometer-6.0.0.jar:/home/bigcubecat/.m2/repository/io/micrometer/micrometer-core/1.10.1/micrometer-core-1.10.1.jar:/home/bigcubecat/.m2/repository/io/micrometer/micrometer-commons/1.10.1/micrometer-commons-1.10.1.jar:/home/bigcubecat/.m2/repository/io/micrometer/micrometer-observation/1.10.1/micrometer-observation-1.10.1.jar:/home/bigcubecat/.m2/repository/org/hdrhistogram/HdrHistogram/2.1.12/HdrHistogram-2.1.12.jar:/home/bigcubecat/.m2/repository/org/latencyutils/LatencyUtils/2.0.3/LatencyUtils-2.0.3.jar:/home/bigcubecat/.m2/repository/io/micrometer/micrometer-jetty11/1.10.1/micrometer-jetty11-1.10.1.jar:/home/bigcubecat/.m2/repository/com/fasterxml/jackson/core/jackson-databind/2.16.1/jackson-databind-2.16.1.jar:/home/bigcubecat/.m2/repository/com/fasterxml/jackson/core/jackson-annotations/2.16.1/jackson-annotations-2.16.1.jar:/home/bigcubecat/.m2/repository/com/fasterxml/jackson/core/jackson-core/2.16.1/jackson-core-2.16.1.jar:/home/bigcubecat/.m2/repository/com/fasterxml/jackson/module/jackson-module-kotlin/2.16.1/jackson-module-kotlin-2.16.1.jar:/home/bigcubecat/.m2/repository/org/jetbrains/kotlin/kotlin-reflect/1.6.21/kotlin-reflect-1.6.21.jar:/home/bigcubecat/.m2/repository/com/fasterxml/jackson/datatype/jackson-datatype-jsr310/2.16.1/jackson-datatype-jsr310-2.16.1.jar:/home/bigcubecat/.m2/repository/com/aayushatharva/brotli4j/brotli4j/1.15.0/brotli4j-1.15.0.jar:/home/bigcubecat/.m2/repository/com/aayushatharva/brotli4j/service/1.15.0/service-1.15.0.jar:/home/bigcubecat/.m2/repository/com/aayushatharva/brotli4j/native-linux-x86_64/1.15.0/native-linux-x86_64-1.15.0.jar:/home/bigcubecat/.m2/repository/org/eclipse/jetty/http2/http2-server/11.0.19/http2-server-11.0.19.jar:/home/bigcubecat/.m2/repository/org/eclipse/jetty/http2/http2-common/11.0.19/http2-common-11.0.19.jar:/home/bigcubecat/.m2/repository/org/eclipse/jetty/http2/http2-hpack/11.0.19/http2-hpack-11.0.19.jar:/home/bigcubecat/.m2/repository/org/eclipse/jetty/jetty-alpn-conscrypt-server/11.0.19/jetty-alpn-conscrypt-server-11.0.19.jar:/home/bigcubecat/.m2/repository/org/conscrypt/conscrypt-openjdk-uber/2.5.2/conscrypt-openjdk-uber-2.5.2.jar:/home/bigcubecat/.m2/repository/org/eclipse/jetty/jetty-alpn-server/11.0.19/jetty-alpn-server-11.0.19.jar:/home/bigcubecat/.m2/repository/org/eclipse/jetty/jetty-io/11.0.19/jetty-io-11.0.19.jar:/home/bigcubecat/.m2/repository/org/eclipse/jetty/jetty-util/11.0.19/jetty-util-11.0.19.jar:/home/bigcubecat/.m2/repository/ch/qos/logback/logback-classic/1.4.14/logback-classic-1.4.14.jar:/home/bigcubecat/.m2/repository/ch/qos/logback/logback-core/1.4.14/logback-core-1.4.14.jar:/home/bigcubecat/.m2/repository/org/jetbrains/kotlin/kotlin-stdlib-jdk8/1.9.10/kotlin-stdlib-jdk8-1.9.10.jar:/home/bigcubecat/.m2/repository/org/jetbrains/kotlin/kotlin-stdlib/1.9.10/kotlin-stdlib-1.9.10.jar:/home/bigcubecat/.m2/repository/org/jetbrains/kotlin/kotlin-stdlib-common/1.9.10/kotlin-stdlib-common-1.9.10.jar:/home/bigcubecat/.m2/repository/org/jetbrains/annotations/13.0/annotations-13.0.jar:/home/bigcubecat/.m2/repository/org/jetbrains/kotlin/kotlin-stdlib-jdk7/1.9.10/kotlin-stdlib-jdk7-1.9.10.jar:/home/bigcubecat/.m2/repository/com/j2html/j2html/1.6.0/j2html-1.6.0.jar:/home/bigcubecat/.m2/repository/junit/junit/4.13.2/junit-4.13.2.jar:/home/bigcubecat/.m2/repository/org/hamcrest/hamcrest-core/1.3/hamcrest-core-1.3.jar:"/>
    <property name="java.vm.vendor" value="Oracle Corporation"/>
    <property name="sun.arch.data.model" value="64"/>
    <property name="java.vendor.url" value="https://openjdk.java.net/"/>
    <property name="os.name" value="Linux"/>
    <property name="java.vm.specification.version" value="17"/>
    <property name="sun.java.launcher" value="SUN_STANDARD"/>
    <property name="user.country" value="RU"/>
    <property name="sun.boot.library.path" value="/usr/lib/jvm/java-17-openjdk/lib"/>
    <property name="sun.java.command" value="/home/bigcubecat/Projects/NSU/sem4/prog/22209-Bitochkin/java/gogledoc/server/target/surefire/surefirebooter-20240525124904214_3.jar /home/bigcubecat/Projects/NSU/sem4/prog/22209-Bitochkin/java/gogledoc/server/target/surefire 2024-05-25T12-49-04_078-jvmRun1 surefire-20240525124904214_1tmp surefire_0-20240525124904214_2tmp"/>
    <property name="jdk.debug" value="release"/>
    <property name="surefire.test.class.path" value="/home/bigcubecat/Projects/NSU/sem4/prog/22209-Bitochkin/java/gogledoc/server/target/test-classes:/home/bigcubecat/Projects/NSU/sem4/prog/22209-Bitochkin/java/gogledoc/server/target/classes:/home/bigcubecat/.m2/repository/io/javalin/javalin-bundle/6.0.0/javalin-bundle-6.0.0.jar:/home/bigcubecat/.m2/repository/io/javalin/javalin/6.0.0/javalin-6.0.0.jar:/home/bigcubecat/.m2/repository/org/slf4j/slf4j-api/2.0.10/slf4j-api-2.0.10.jar:/home/bigcubecat/.m2/repository/org/eclipse/jetty/jetty-server/11.0.19/jetty-server-11.0.19.jar:/home/bigcubecat/.m2/repository/org/eclipse/jetty/jetty-http/11.0.19/jetty-http-11.0.19.jar:/home/bigcubecat/.m2/repository/org/eclipse/jetty/websocket/websocket-jetty-server/11.0.19/websocket-jetty-server-11.0.19.jar:/home/bigcubecat/.m2/repository/org/eclipse/jetty/websocket/websocket-jetty-api/11.0.19/websocket-jetty-api-11.0.19.jar:/home/bigcubecat/.m2/repository/org/eclipse/jetty/websocket/websocket-jetty-common/11.0.19/websocket-jetty-common-11.0.19.jar:/home/bigcubecat/.m2/repository/org/eclipse/jetty/websocket/websocket-core-common/11.0.19/websocket-core-common-11.0.19.jar:/home/bigcubecat/.m2/repository/org/eclipse/jetty/websocket/websocket-servlet/11.0.19/websocket-servlet-11.0.19.jar:/home/bigcubecat/.m2/repository/org/eclipse/jetty/websocket/websocket-core-server/11.0.19/websocket-core-server-11.0.19.jar:/home/bigcubecat/.m2/repository/org/eclipse/jetty/jetty-servlet/11.0.19/jetty-servlet-11.0.19.jar:/home/bigcubecat/.m2/repository/org/eclipse/jetty/jetty-security/11.0.19/jetty-security-11.0.19.jar:/home/bigcubecat/.m2/repository/org/eclipse/jetty/jetty-webapp/11.0.19/jetty-webapp-11.0.19.jar:/home/bigcubecat/.m2/repository/org/eclipse/jetty/jetty-xml/11.0.19/jetty-xml-11.0.19.jar:/home/bigcubecat/.m2/repository/io/javalin/javalin-context-mock/6.0.0/javalin-context-mock-6.0.0.jar:/home/bigcubecat/.m2/repository/org/eclipse/jetty/toolchain/jetty-jakarta-servlet-api/5.0.2/jetty-jakarta-servlet-api-5.0.2.jar:/home/bigcubecat/.m2/repository/io/javalin/javalin-testtools/6.0.0/javalin-testtools-6.0.0.jar:/home/bigcubecat/.m2/repository/com/squareup/okhttp3/okhttp/4.12.0/okhttp-4.12.0.jar:/home/bigcubecat/.m2/repository/com/squareup/okio/okio/3.6.0/okio-3.6.0.jar:/home/bigcubecat/.m2/repository/com/squareup/okio/okio-jvm/3.6.0/okio-jvm-3.6.0.jar:/home/bigcubecat/.m2/repository/io/javalin/javalin-micrometer/6.0.0/javalin-micrometer-6.0.0.jar:/home/bigcubecat/.m2/repository/io/micrometer/micrometer-core/1.10.1/micrometer-core-1.10.1.jar:/home/bigcubecat/.m2/repository/io/micrometer/micrometer-commons/1.10.1/micrometer-commons-1.10.1.jar:/home/bigcubecat/.m2/repository/io/micrometer/micrometer-observation/1.10.1/micrometer-observation-1.10.1.jar:/home/bigcubecat/.m2/repository/org/hdrhistogram/HdrHistogram/2.1.12/HdrHistogram-2.1.12.jar:/home/bigcubecat/.m2/repository/org/latencyutils/LatencyUtils/2.0.3/LatencyUtils-2.0.3.jar:/home/bigcubecat/.m2/repository/io/micrometer/micrometer-jetty11/1.10.1/micrometer-jetty11-1.10.1.jar:/home/bigcubecat/.m2/repository/com/fasterxml/jackson/core/jackson-databind/2.16.1/jackson-databind-2.16.1.jar:/home/bigcubecat/.m2/repository/com/fasterxml/jackson/core/jackson-annotations/2.16.1/jackson-annotations-2.16.1.jar:/home/bigcubecat/.m2/repository/com/fasterxml/jackson/core/jackson-core/2.16.1/jackson-core-2.16.1.jar:/home/bigcubecat/.m2/repository/com/fasterxml/jackson/module/jackson-module-kotlin/2.16.1/jackson-module-kotlin-2.16.1.jar:/home/bigcubecat/.m2/repository/org/jetbrains/kotlin/kotlin-reflect/1.6.21/kotlin-reflect-1.6.21.jar:/home/bigcubecat/.m2/repository/com/fasterxml/jackson/datatype/jackson-datatype-jsr310/2.16.1/jackson-datatype-jsr310-2.16.1.jar:/home/bigcubecat/.m2/repository/com/aayushatharva/brotli4j/brotli4j/1.15.0/brotli4j-1.15.0.jar:/home/bigcubecat/.m2/repository/com/aayushatharva/brotli4j/service/1.15.0/service-1.15.0.jar:/home/bigcubecat/.m2/repository/com/aayushatharva/brotli4j/native-linux-x86_64/1.15.0/native-linux-x86_64-1.15.0.jar:/home/bigcubecat/.m2/repository/org/eclipse/jetty/http2/http2-server/11.0.19/http2-server-11.0.19.jar:/home/bigcubecat/.m2/repository/org/eclipse/jetty/http2/http2-common/11.0.19/http2-common-11.0.19.jar:/home/bigcubecat/.m2/repository/org/eclipse/jetty/http2/http2-hpack/11.0.19/http2-hpack-11.0.19.jar:/home/bigcubecat/.m2/repository/org/eclipse/jetty/jetty-alpn-conscrypt-server/11.0.19/jetty-alpn-conscrypt-server-11.0.19.jar:/home/bigcubecat/.m2/repository/org/conscrypt/conscrypt-openjdk-uber/2.5.2/conscrypt-openjdk-uber-2.5.2.jar:/home/bigcubecat/.m2/repository/org/eclipse/jetty/jetty-alpn-server/11.0.19/jetty-alpn-server-11.0.19.jar:/home/bigcubecat/.m2/repository/org/eclipse/jetty/jetty-io/11.0.19/jetty-io-11.0.19.jar:/home/bigcubecat/.m2/repository/org/eclipse/jetty/jetty-util/11.0.19/jetty-util-11.0.19.jar:/home/bigcubecat/.m2/repository/ch/qos/logback/logback-classic/1.4.14/logback-classic-1.4.14.jar:/home/bigcubecat/.m2/repository/ch/qos/logback/logback-core/1.4.14/logback-core-1.4.14.jar:/home/bigcubecat/.m2/repository/org/jetbrains/kotlin/kotlin-stdlib-jdk8/1.9.10/kotlin-stdlib-jdk8-1.9.10.jar:/home/bigcubecat/.m2/repository/org/jetbrains/kotlin/kotlin-stdlib/1.9.10/kotlin-stdlib-1.9.10.jar:/home/bigcubecat/.m2/repository/org/jetbrains/kotlin/kotlin-stdlib-common/1.9.10/kotlin-stdlib-common-1.9.10.jar:/home/bigcubecat/.m2/repository/org/jetbrains/annotations/13.0/annotations-13.0.jar:/home/bigcubecat/.m2/repository/org/jetbrains/kotlin/kotlin-stdlib-jdk7/1.9.10/kotlin-stdlib-jdk7-1.9.10.jar:/home/bigcubecat/.m2/repository/com/j2html/j2html/1.6.0/j2html-1.6.0.jar:/home/bigcubecat/.m2/repository/junit/junit/4.13.2/junit-4.13.2.jar:/home/bigcubecat/.m2/repository/org/hamcrest/hamcrest-core/1.3/hamcrest-core-1.3.jar:"/>
    <property name="sun.cpu.endian" value="little"/>
    <property name="user.home" value="/home/bigcubecat"/>
    <property name="user.language" value="ru"/>
    <property name="java.specification.vendor" value="Oracle Corporation"/>
    <property name="java.version.date" value="2024-04-16"/>
    <property name="java.home" value="/usr/lib/jvm/java-17-openjdk"/>
    <property name="file.separator" value="/"/>
    <property name="basedir" value="/home/bigcubecat/Projects/NSU/sem4/prog/22209-Bitochkin/java/gogledoc/server"/>
    <property name="java.vm.compressedOopsMode" value="Zero based"/>
    <property name="line.separator" value="&#10;"/>
    <property name="java.vm.specification.vendor" value="Oracle Corporation"/>
    <property name="java.specification.name" value="Java Platform API Specification"/>
    <property name="surefire.real.class.path" value="/home/bigcubecat/Projects/NSU/sem4/prog/22209-Bitochkin/java/gogledoc/server/target/surefire/surefirebooter-20240525124904214_3.jar"/>
    <property name="sun.management.compiler" value="HotSpot 64-Bit Tiered Compilers"/>
    <property name="java.runtime.version" value="17.0.11+9"/>
    <property name="user.name" value="bigcubecat"/>
    <property name="path.separator" value=":"/>
    <property name="os.version" value="6.8.9-arch1-1"/>
    <property name="java.runtime.name" value="OpenJDK Runtime Environment"/>
    <property name="file.encoding" value="UTF-8"/>
    <property name="java.vm.name" value="OpenJDK 64-Bit Server VM"/>
    <property name="localRepository" value="/home/bigcubecat/.m2/repository"/>
    <property name="java.vendor.url.bug" value="https://bugreport.java.com/bugreport/"/>
    <property name="java.io.tmpdir" value="/tmp"/>
    <property name="java.version" value="17.0.11"/>
    <property name="user.dir" value="/home/bigcubecat/Projects/NSU/sem4/prog/22209-Bitochkin/java/gogledoc/server"/>
    <property name="os.arch" value="amd64"/>
    <property name="java.vm.specification.name" value="Java Virtual Machine Specification"/>
    <property name="native.encoding" value="UTF-8"/>
    <property name="java.library.path" value="/usr/java/packages/lib:/usr/lib64:/lib64:/lib:/usr/lib"/>
    <property name="java.vm.info" value="mixed mode, sharing"/>
    <property name="java.vendor" value="N/A"/>
    <property name="java.vm.version" value="17.0.11+9"/>
    <property name="sun.io.unicode.encoding" value="UnicodeLittle"/>
    <property name="java.class.version" value="61.0"/>
  </properties>
  <testcase name="shouldAnswerWithTrue" classname="org.nsu.gogledoc.AppTest" time="0.003"/>
  <testcase name="whenWakeUpCalledOnSelector_thenBlockedThreadReturns" classname="org.nsu.gogledoc.AppTest" time="0.015">
    <system-out><![CDATA[>> Start await
>> Count down
>> End await
>> Start select
>> Wakeup thread
]]></system-out>
  </testcase>
</testsuite>